\BOOKMARK [1][-]{section.1}{Introduction}{}% 1
\BOOKMARK [2][-]{subsection.1.1}{Problem Statement}{section.1}% 2
\BOOKMARK [2][-]{subsection.1.2}{Problem Description}{section.1}% 3
\BOOKMARK [1][-]{section.2}{Components}{}% 4
\BOOKMARK [2][-]{subsection.2.1}{Platforms for the project}{section.2}% 5
\BOOKMARK [2][-]{subsection.2.2}{Areas for the project}{section.2}% 6
\BOOKMARK [2][-]{subsection.2.3}{Major Components}{section.2}% 7
\BOOKMARK [3][-]{subsubsection.2.3.1}{Wireless Ground Nodes}{subsection.2.3}% 8
\BOOKMARK [3][-]{subsubsection.2.3.2}{Aerial Nodes}{subsection.2.3}% 9
\BOOKMARK [3][-]{subsubsection.2.3.3}{Software Components}{subsection.2.3}% 10
\BOOKMARK [1][-]{section.3}{Design}{}% 11
\BOOKMARK [2][-]{subsection.3.1}{Overview}{section.3}% 12
\BOOKMARK [2][-]{subsection.3.2}{Link Quality Information Module}{section.3}% 13
\BOOKMARK [3][-]{subsubsection.3.2.1}{Packet Broadcaster}{subsection.3.2}% 14
\BOOKMARK [3][-]{subsubsection.3.2.2}{Broadcast Receiver}{subsection.3.2}% 15
\BOOKMARK [3][-]{subsubsection.3.2.3}{Broadcast Responder}{subsection.3.2}% 16
\BOOKMARK [3][-]{subsubsection.3.2.4}{Response Handler}{subsection.3.2}% 17
\BOOKMARK [3][-]{subsubsection.3.2.5}{LQI Calculator}{subsection.3.2}% 18
\BOOKMARK [3][-]{subsubsection.3.2.6}{LQI to Control Updater}{subsection.3.2}% 19
\BOOKMARK [2][-]{subsection.3.3}{OpenFlow Control Module}{section.3}% 20
\BOOKMARK [3][-]{subsubsection.3.3.1}{Topology Modifier\(TM\)}{subsection.3.3}% 21
\BOOKMARK [3][-]{subsubsection.3.3.2}{Optimal Path Finder\(OPF\)}{subsection.3.3}% 22
\BOOKMARK [3][-]{subsubsection.3.3.3}{Network Updater\(NU\)}{subsection.3.3}% 23
\BOOKMARK [1][-]{section.4}{Per-member Responsibilities}{}% 24
\BOOKMARK [1][-]{section.5}{Test Plan}{}% 25
\BOOKMARK [1][-]{section.6}{Demo Plan}{}% 26
